[2017-03-08 10:11:38]	Cannot open file 
[2017-03-08 10:11:38]	E:\eclipse\fenci\Data\KeyBlackList.pdat
[2017-03-08 10:13:00]	Cannot open file 
[2017-03-08 10:13:00]	E:\eclipse\fenci\Data\KeyBlackList.pdat
[2017-03-08 10:16:00]	Cannot open file 
[2017-03-08 10:16:00]	E:\eclipse\fenci\Data\KeyBlackList.pdat
[2017-03-08 11:06:13]	Cannot open file 
[2017-03-08 11:06:13]	E:\eclipse\fenci\Data\KeyBlackList.pdat
[2017-03-08 11:09:17]	Cannot open file 
[2017-03-08 11:09:17]	E:\eclipse\fenci\Data\KeyBlackList.pdat
[2017-03-08 11:20:55]	Cannot open file 
[2017-03-08 11:20:55]	E:\eclipse\fenci\Data\KeyBlackList.pdat
[2017-03-08 11:21:47]	Cannot open file 
[2017-03-08 11:21:47]	E:\eclipse\fenci\Data\KeyBlackList.pdat
[2017-03-08 11:31:13]	Cannot open file 
[2017-03-08 11:31:13]	E:\eclipse\fenci\Data\KeyBlackList.pdat
[2017-03-08 11:31:25]	Cannot open file 
[2017-03-08 11:31:25]	E:\eclipse\fenci\Data\KeyBlackList.pdat
[2017-03-08 11:38:17]	Cannot open file 
[2017-03-08 11:38:17]	E:\eclipse\fenci\Data\KeyBlackList.pdat
[2017-03-08 14:56:59]	Cannot open file 
[2017-03-08 14:56:59]	E:\eclipse\fenci\Data\KeyBlackList.pdat
[2017-03-08 15:35:10]	Cannot open file 
[2017-03-08 15:35:10]	E:\eclipse\fenci\Data\KeyBlackList.pdat
[2017-03-08 15:35:10]	Failed Open file Failed Open file 
[2017-03-08 15:35:10]	Error read file
[2017-03-08 15:35:10]	E:\eclipse\fenci\Data\test.txtingBytes
[2017-03-08 15:36:00]	Cannot open file 
[2017-03-08 15:36:00]	E:\eclipse\fenci\Data\KeyBlackList.pdat
[2017-03-08 15:36:00]	Failed Open file Failed Open file 
[2017-03-08 15:36:00]	Error read file
[2017-03-08 15:36:00]	E:\eclipse\fenci\Data\test.txtingBytes
[2017-03-08 15:36:33]	Cannot open file 
[2017-03-08 15:36:33]	E:\eclipse\fenci\Data\KeyBlackList.pdat
[2017-03-08 15:36:33]	Failed Open file Failed Open file 
[2017-03-08 15:36:33]	Error read file
[2017-03-08 15:36:33]	E:\eclipse\fenci\Data\test.txtingBytes
[2017-03-08 15:53:40]	Cannot open file 
[2017-03-08 15:53:40]	E:\eclipse\fenci\Data\KeyBlackList.pdat
[2017-03-08 15:53:40]	Failed Open file Failed Open file 
[2017-03-08 15:53:40]	Error read file
[2017-03-08 15:53:40]	E:\eclipse\fenci\Data\test.txtingBytes
[2017-03-08 15:54:00]	Cannot open file 
[2017-03-08 15:54:00]	E:\eclipse\fenci\Data\KeyBlackList.pdat
[2017-03-08 15:54:00]	Failed Open file Failed Open file 
[2017-03-08 15:54:00]	Error read file
[2017-03-08 15:54:00]	E:\eclipse\fenci\Data\test.txtingBytes
[2017-03-08 15:54:52]	Cannot open file 
[2017-03-08 15:54:52]	E:\eclipse\fenci\Data\KeyBlackList.pdat
[2017-03-08 15:56:03]	Cannot open file 
[2017-03-08 15:56:03]	E:\eclipse\fenci\Data\KeyBlackList.pdat
[2017-03-08 15:58:10]	Cannot open file 
[2017-03-08 15:58:10]	E:\eclipse\fenci\Data\KeyBlackList.pdat
[2017-03-08 15:58:10]	Failed Open file Failed Open file 
[2017-03-08 15:58:10]	Error read file
[2017-03-08 15:58:10]	E:\eclipse\fenci\Data\test.txtingBytes
[2017-03-08 16:05:34]	Cannot open file 
[2017-03-08 16:05:34]	E:\eclipse\fenci\Data\KeyBlackList.pdat
[2017-03-08 16:05:34]	Failed Open file Failed Open file 
[2017-03-08 16:05:34]	Error read file
[2017-03-08 16:05:34]	E:\eclipse\fenci\Data\test.txtingBytes
[2017-03-08 16:07:11]	Cannot open file 
[2017-03-08 16:07:11]	E:\eclipse\fenci\Data\KeyBlackList.pdat
[2017-03-08 16:07:11]	Failed Open file Failed Open file 
[2017-03-08 16:07:11]	Error read file
[2017-03-08 16:07:11]	E:\eclipse\fenci\Data\test.txtingBytes
[2017-03-08 16:08:10]	Cannot open file 
[2017-03-08 16:08:10]	E:\eclipse\fenci\Data\KeyBlackList.pdat
[2017-03-08 16:08:10]	Failed Open file Failed Open file 
[2017-03-08 16:08:10]	Error read file
[2017-03-08 16:08:10]	E:\eclipse\fenci\Data\test.txtingBytes
[2017-03-08 16:11:24]	Cannot open file 
[2017-03-08 16:11:24]	E:\eclipse\fenci\Data\KeyBlackList.pdat
[2017-03-08 16:11:24]	Failed Open file Failed Open file 
[2017-03-08 16:11:24]	Error read file
[2017-03-08 16:11:24]	E:\eclipse\fenci\Data\test.txtder.class
[2017-03-08 16:28:33]	Cannot open file 
[2017-03-08 16:28:33]	E:\eclipse\fenci\Data\KeyBlackList.pdat
[2017-03-08 16:28:33]	Failed Open file Failed Open file 
[2017-03-08 16:28:33]	Error read file
[2017-03-08 16:28:33]	E:\eclipse\fenci\Data\test.txtder.class
[2017-03-08 16:31:01]	Cannot open file 
[2017-03-08 16:31:01]	E:\eclipse\fenci\Data\KeyBlackList.pdat
[2017-03-08 16:31:01]	Failed Open file Failed Open file 
[2017-03-08 16:31:01]	Error read file
[2017-03-08 16:31:01]	E:\eclipse\fenci\Data\test.txtder.class
[2017-03-08 16:31:59]	Cannot open file 
[2017-03-08 16:31:59]	E:\eclipse\fenci\Data\KeyBlackList.pdat
[2017-03-08 16:31:59]	Failed Open file Failed Open file 
[2017-03-08 16:31:59]	Error read file
[2017-03-08 16:31:59]	E:\eclipse\fenci\Data\test.txtingBytes
[2017-03-08 16:38:34]	Cannot open file 
[2017-03-08 16:38:34]	E:\eclipse\fenci\Data\KeyBlackList.pdat
